# JRE version: OpenJDK Runtime Environment Temurin-21.0.7+6 (21.0.7+6) (build 21.0.7+6-LTS)
# Java VM: OpenJDK 64-Bit Server VM Temurin-21.0.7+6 (21.0.7+6-LTS, mixed mode, emulated-client, sharing, tiered, compressed oops, compressed class ptrs, g1 gc, windows-amd64)
GC Precious Log:
 CardTable entry size: 512
 Card Set container configuration: InlinePtr #cards 4 size 8 Array Of Cards #cards 32 size 80 Howl #buckets 8 coarsen threshold 7372 Howl Bitmap #cards 1024 size 144 coarsen threshold 921 Card regions per heap region 1 cards per card region 8192
 CPUs: 22 total, 22 available
 Memory: 32373M
 Large Page Support: Disabled
 NUMA Support: Disabled
 Compressed Oops: Enabled (Zero based)
 Heap Region Size: 4M
 Heap Min Capacity: 8M
 Heap Initial Capacity: 508M
 Heap Max Capacity: 8096M
 Pre-touch: Disabled
 Parallel Workers: 16
 Concurrent Workers: 4
 Concurrent Refinement Workers: 16
 Periodic GC: Disabled
Heap:
 garbage-first heap   total 151552K, used 46159K [0x0000000606000000, 0x0000000800000000)
  region size 4096K, 4 young (16384K), 2 survivors (8192K)
 Metaspace       used 84062K, committed 84928K, reserved 1179648K
  class space    used 11764K, committed 12096K, reserved 1048576K
GC Heap History (20 events):
Event: 1285.756 GC heap before
{Heap before GC invocations=44 (full 7):
 garbage-first heap   total 180224K, used 91408K [0x0000000606000000, 0x0000000800000000)
  region size 4096K, 11 young (45056K), 2 survivors (8192K)
 Metaspace       used 82376K, committed 83264K, reserved 1179648K
  class space    used 11603K, committed 11968K, reserved 1048576K
}
Event: 1285.791 GC heap after
{Heap after GC invocations=45 (full 8):
 garbage-first heap   total 180224K, used 46680K [0x0000000606000000, 0x0000000800000000)
  region size 4096K, 0 young (0K), 0 survivors (0K)
 Metaspace       used 82129K, committed 83264K, reserved 1179648K
  class space    used 11540K, committed 11968K, reserved 1048576K
}
Event: 1287.102 GC heap before
{Heap before GC invocations=45 (full 8):
 garbage-first heap   total 180224K, used 144984K [0x0000000606000000, 0x0000000800000000)
  region size 4096K, 24 young (98304K), 0 survivors (0K)
 Metaspace       used 82404K, committed 83392K, reserved 1179648K
  class space    used 11563K, committed 11968K, reserved 1048576K
}
Event: 1287.105 GC heap after
{Heap after GC invocations=46 (full 8):
 garbage-first heap   total 180224K, used 54872K [0x0000000606000000, 0x0000000800000000)
  region size 4096K, 2 young (8192K), 2 survivors (8192K)
 Metaspace       used 82404K, committed 83392K, reserved 1179648K
  class space    used 11563K, committed 11968K, reserved 1048576K
}
Event: 1360.194 GC heap before
{Heap before GC invocations=46 (full 8):
 garbage-first heap   total 180224K, used 95832K [0x0000000606000000, 0x0000000800000000)
  region size 4096K, 13 young (53248K), 2 survivors (8192K)
 Metaspace       used 82872K, committed 83776K, reserved 1179648K
  class space    used 11640K, committed 12032K, reserved 1048576K
}
Event: 1360.233 GC heap after
{Heap after GC invocations=47 (full 9):
 garbage-first heap   total 180224K, used 52238K [0x0000000606000000, 0x0000000800000000)
  region size 4096K, 0 young (0K), 0 survivors (0K)
 Metaspace       used 82872K, committed 83776K, reserved 1179648K
  class space    used 11640K, committed 12032K, reserved 1048576K
}
Event: 1361.330 GC heap before
{Heap before GC invocations=47 (full 9):
 garbage-first heap   total 180224K, used 146446K [0x0000000606000000, 0x0000000800000000)
  region size 4096K, 23 young (94208K), 0 survivors (0K)
 Metaspace       used 83159K, committed 83968K, reserved 1179648K
  class space    used 11671K, committed 12032K, reserved 1048576K
}
Event: 1361.333 GC heap after
{Heap after GC invocations=48 (full 9):
 garbage-first heap   total 180224K, used 60130K [0x0000000606000000, 0x0000000800000000)
  region size 4096K, 2 young (8192K), 2 survivors (8192K)
 Metaspace       used 83159K, committed 83968K, reserved 1179648K
  class space    used 11671K, committed 12032K, reserved 1048576K
}
Event: 1368.016 GC heap before
{Heap before GC invocations=48 (full 9):
 garbage-first heap   total 180224K, used 92898K [0x0000000606000000, 0x0000000800000000)
  region size 4096K, 11 young (45056K), 2 survivors (8192K)
 Metaspace       used 83198K, committed 84032K, reserved 1179648K
  class space    used 11676K, committed 12032K, reserved 1048576K
}
Event: 1368.053 GC heap after
{Heap after GC invocations=49 (full 10):
 garbage-first heap   total 180224K, used 52423K [0x0000000606000000, 0x0000000800000000)
  region size 4096K, 0 young (0K), 0 survivors (0K)
 Metaspace       used 83196K, committed 84032K, reserved 1179648K
  class space    used 11675K, committed 12032K, reserved 1048576K
}
Event: 1369.189 GC heap before
{Heap before GC invocations=49 (full 10):
 garbage-first heap   total 180224K, used 150727K [0x0000000606000000, 0x0000000800000000)
  region size 4096K, 24 young (98304K), 0 survivors (0K)
 Metaspace       used 83488K, committed 84352K, reserved 1179648K
  class space    used 11708K, committed 12032K, reserved 1048576K
}
Event: 1369.193 GC heap after
{Heap after GC invocations=50 (full 10):
 garbage-first heap   total 180224K, used 60521K [0x0000000606000000, 0x0000000800000000)
  region size 4096K, 2 young (8192K), 2 survivors (8192K)
 Metaspace       used 83488K, committed 84352K, reserved 1179648K
  class space    used 11708K, committed 12032K, reserved 1048576K
}
Event: 1496.533 GC heap before
{Heap before GC invocations=50 (full 10):
 garbage-first heap   total 180224K, used 101481K [0x0000000606000000, 0x0000000800000000)
  region size 4096K, 13 young (53248K), 2 survivors (8192K)
 Metaspace       used 83511K, committed 84352K, reserved 1179648K
  class space    used 11713K, committed 12032K, reserved 1048576K
}
Event: 1496.577 GC heap after
{Heap after GC invocations=51 (full 11):
 garbage-first heap   total 180224K, used 57541K [0x0000000606000000, 0x0000000800000000)
  region size 4096K, 0 young (0K), 0 survivors (0K)
 Metaspace       used 83511K, committed 84352K, reserved 1179648K
  class space    used 11713K, committed 12032K, reserved 1048576K
}
Event: 1497.722 GC heap before
{Heap before GC invocations=51 (full 11):
 garbage-first heap   total 180224K, used 151749K [0x0000000606000000, 0x0000000800000000)
  region size 4096K, 23 young (94208K), 0 survivors (0K)
 Metaspace       used 83786K, committed 84672K, reserved 1179648K
  class space    used 11736K, committed 12096K, reserved 1048576K
}
Event: 1497.725 GC heap after
{Heap after GC invocations=52 (full 11):
 garbage-first heap   total 180224K, used 65122K [0x0000000606000000, 0x0000000800000000)
  region size 4096K, 2 young (8192K), 2 survivors (8192K)
 Metaspace       used 83786K, committed 84672K, reserved 1179648K
  class space    used 11736K, committed 12096K, reserved 1048576K
}
Event: 1538.128 GC heap before
{Heap before GC invocations=52 (full 11):
 garbage-first heap   total 180224K, used 97890K [0x0000000606000000, 0x0000000800000000)
  region size 4096K, 11 young (45056K), 2 survivors (8192K)
 Metaspace       used 83796K, committed 84672K, reserved 1179648K
  class space    used 11739K, committed 12096K, reserved 1048576K
}
Event: 1538.163 GC heap after
{Heap after GC invocations=53 (full 12):
 garbage-first heap   total 151552K, used 34912K [0x0000000606000000, 0x0000000800000000)
  region size 4096K, 0 young (0K), 0 survivors (0K)
 Metaspace       used 83763K, committed 84672K, reserved 1179648K
  class space    used 11732K, committed 12096K, reserved 1048576K
}
Event: 1539.265 GC heap before
{Heap before GC invocations=53 (full 12):
 garbage-first heap   total 151552K, used 120928K [0x0000000606000000, 0x0000000800000000)
  region size 4096K, 21 young (86016K), 0 survivors (0K)
 Metaspace       used 84020K, committed 84864K, reserved 1179648K
  class space    used 11760K, committed 12096K, reserved 1048576K
}
Event: 1539.267 GC heap after
{Heap after GC invocations=54 (full 12):
 garbage-first heap   total 151552K, used 42063K [0x0000000606000000, 0x0000000800000000)
  region size 4096K, 2 young (8192K), 2 survivors (8192K)
 Metaspace       used 84020K, committed 84864K, reserved 1179648K
  class space    used 11760K, committed 12096K, reserved 1048576K
}

